[ 1437522ms] Error
    at Object.d (http://localhost:8080/main.dart.js:3685:19)
    at http://localhost:8080/main.dart.js:35116:20
    at aZ7.a (http://localhost:8080/main.dart.js:5096:63)
    at aZ7.$2 (http://localhost:8080/main.dart.js:44931:14)
    at aY6.$1 (http://localhost:8080/main.dart.js:44925:21)
    at acK.aLB (http://localhost:8080/main.dart.js:45789:34)
    at acK.S_ (http://localhost:8080/main.dart.js:45792:13)
    at aOU.$0 (http://localhost:8080/main.dart.js:45312:11)
    at Object.xd (http://localhost:8080/main.dart.js:5202:40)
    at az.u8 (http://localhost:8080/main.dart.js:45233:3)
[ 1442042ms] Error
    at Object.d (http://localhost:8080/main.dart.js:3685:19)
    at http://localhost:8080/main.dart.js:35116:20
    at aZ7.a (http://localhost:8080/main.dart.js:5096:63)
    at aZ7.$2 (http://localhost:8080/main.dart.js:44931:14)
    at aY6.$1 (http://localhost:8080/main.dart.js:44925:21)
    at acK.aLB (http://localhost:8080/main.dart.js:45789:34)
    at acK.S_ (http://localhost:8080/main.dart.js:45792:13)
    at aOU.$0 (http://localhost:8080/main.dart.js:45312:11)
    at Object.xd (http://localhost:8080/main.dart.js:5202:40)
    at az.u8 (http://localhost:8080/main.dart.js:45233:3)
[ 1572959ms] Error
    at Object.d (http://localhost:8080/main.dart.js:3685:19)
    at http://localhost:8080/main.dart.js:35116:20
    at aZ7.a (http://localhost:8080/main.dart.js:5096:63)
    at aZ7.$2 (http://localhost:8080/main.dart.js:44931:14)
    at aY6.$1 (http://localhost:8080/main.dart.js:44925:21)
    at acK.aLB (http://localhost:8080/main.dart.js:45789:34)
    at acK.S_ (http://localhost:8080/main.dart.js:45792:13)
    at aOU.$0 (http://localhost:8080/main.dart.js:45312:11)
    at Object.xd (http://localhost:8080/main.dart.js:5202:40)
    at az.u8 (http://localhost:8080/main.dart.js:45233:3)
[ 1573948ms] Error
    at Object.d (http://localhost:8080/main.dart.js:3685:19)
    at http://localhost:8080/main.dart.js:35116:20
    at aZ7.a (http://localhost:8080/main.dart.js:5096:63)
    at aZ7.$2 (http://localhost:8080/main.dart.js:44931:14)
    at aY6.$1 (http://localhost:8080/main.dart.js:44925:21)
    at acK.aLB (http://localhost:8080/main.dart.js:45789:34)
    at acK.S_ (http://localhost:8080/main.dart.js:45792:13)
    at aOU.$0 (http://localhost:8080/main.dart.js:45312:11)
    at Object.xd (http://localhost:8080/main.dart.js:5202:40)
    at az.u8 (http://localhost:8080/main.dart.js:45233:3)
[ 1583787ms] Error
    at Object.d (http://localhost:8080/main.dart.js:3685:19)
    at http://localhost:8080/main.dart.js:35116:20
    at aZ7.a (http://localhost:8080/main.dart.js:5096:63)
    at aZ7.$2 (http://localhost:8080/main.dart.js:44931:14)
    at aY6.$1 (http://localhost:8080/main.dart.js:44925:21)
    at acK.aLB (http://localhost:8080/main.dart.js:45789:34)
    at acK.S_ (http://localhost:8080/main.dart.js:45792:13)
    at aOU.$0 (http://localhost:8080/main.dart.js:45312:11)
    at Object.xd (http://localhost:8080/main.dart.js:5202:40)
    at az.u8 (http://localhost:8080/main.dart.js:45233:3)
[ 1630691ms] Error
    at Object.d (http://localhost:8080/main.dart.js:3685:19)
    at http://localhost:8080/main.dart.js:35116:20
    at aZ7.a (http://localhost:8080/main.dart.js:5096:63)
    at aZ7.$2 (http://localhost:8080/main.dart.js:44931:14)
    at aY6.$1 (http://localhost:8080/main.dart.js:44925:21)
    at acK.aLB (http://localhost:8080/main.dart.js:45789:34)
    at acK.S_ (http://localhost:8080/main.dart.js:45792:13)
    at aOU.$0 (http://localhost:8080/main.dart.js:45312:11)
    at Object.xd (http://localhost:8080/main.dart.js:5202:40)
    at az.u8 (http://localhost:8080/main.dart.js:45233:3)
[ 1643022ms] Error
    at Object.d (http://localhost:8080/main.dart.js:3685:19)
    at http://localhost:8080/main.dart.js:35116:20
    at aZ7.a (http://localhost:8080/main.dart.js:5096:63)
    at aZ7.$2 (http://localhost:8080/main.dart.js:44931:14)
    at aY6.$1 (http://localhost:8080/main.dart.js:44925:21)
    at acK.aLB (http://localhost:8080/main.dart.js:45789:34)
    at acK.S_ (http://localhost:8080/main.dart.js:45792:13)
    at aOU.$0 (http://localhost:8080/main.dart.js:45312:11)
    at Object.xd (http://localhost:8080/main.dart.js:5202:40)
    at az.u8 (http://localhost:8080/main.dart.js:45233:3)
