[    4153ms] [WARNING] Exception while loading service worker: Error: prepareServiceWorker took more than 4000ms to resolve. Moving on.
    at http://localhost:8080/flutter_bootstrap.js:1:2980 @ http://localhost:8080/flutter_bootstrap.js:2
[    6867ms] [ERROR] WebSocket connection to 'wss://ws.finnhub.io/?token=d60jvdhr01qto1rde9igd60jvdhr01qto1rde9j0' failed: Error during WebSocket handshake: Unexpected response code: 429 @ http://localhost:8080/main.dart.js:34426
[   19847ms] [ERROR] WebSocket connection to 'wss://ws.finnhub.io/?token=d60jvdhr01qto1rde9igd60jvdhr01qto1rde9j0' failed: Error during WebSocket handshake: Unexpected response code: 429 @ http://localhost:8080/main.dart.js:34426
[   85982ms] [ERROR] Access to XMLHttpRequest at 'https://static.seekingalpha.com/cdn/s3/uploads/getty_images/1447243745/image_1447243745.jpg?io=getty-c-w630' from origin 'http://localhost:8080' has been blocked by CORS policy: No 'Access-Control-Allow-Origin' header is present on the requested resource. @ http://localhost:8080/#/watchlist:0
[   85984ms] [ERROR] Failed to load resource: net::ERR_FAILED @ https://static.seekingalpha.com/cdn/s3/uploads/getty_images/1447243745/image_1447243745.jpg?io=getty-c-w630:0
[   85984ms] [ERROR] Access to XMLHttpRequest at 'https://static.seekingalpha.com/cdn/s3/uploads/getty_images/458529021/image_458529021.jpg?io=getty-c-w630' from origin 'http://localhost:8080' has been blocked by CORS policy: No 'Access-Control-Allow-Origin' header is present on the requested resource. @ http://localhost:8080/#/watchlist:0
[   85985ms] [ERROR] Failed to load resource: net::ERR_FAILED @ https://static.seekingalpha.com/cdn/s3/uploads/getty_images/458529021/image_458529021.jpg?io=getty-c-w630:0
[  131781ms] [ERROR] WebSocket connection to 'wss://ws.finnhub.io/?token=d60jvdhr01qto1rde9igd60jvdhr01qto1rde9j0' failed: Error during WebSocket handshake: Unexpected response code: 429 @ http://localhost:8080/main.dart.js:34426
[  144127ms] [ERROR] WebSocket connection to 'wss://ws.finnhub.io/?token=d60jvdhr01qto1rde9igd60jvdhr01qto1rde9j0' failed: Error during WebSocket handshake: Unexpected response code: 429 @ http://localhost:8080/main.dart.js:34426
[  264907ms] [ERROR] WebSocket connection to 'wss://ws.finnhub.io/?token=d60jvdhr01qto1rde9igd60jvdhr01qto1rde9j0' failed: Error during WebSocket handshake: Unexpected response code: 429 @ http://localhost:8080/main.dart.js:34426
[  277631ms] [ERROR] WebSocket connection to 'wss://ws.finnhub.io/?token=d60jvdhr01qto1rde9igd60jvdhr01qto1rde9j0' failed: Error during WebSocket handshake: Unexpected response code: 429 @ http://localhost:8080/main.dart.js:34426
[  398004ms] [ERROR] WebSocket connection to 'wss://ws.finnhub.io/?token=d60jvdhr01qto1rde9igd60jvdhr01qto1rde9j0' failed: Error during WebSocket handshake: Unexpected response code: 429 @ http://localhost:8080/main.dart.js:34426
[  411027ms] [ERROR] WebSocket connection to 'wss://ws.finnhub.io/?token=d60jvdhr01qto1rde9igd60jvdhr01qto1rde9j0' failed: Error during WebSocket handshake: Unexpected response code: 429 @ http://localhost:8080/main.dart.js:34426
[  538517ms] [ERROR] WebSocket connection to 'wss://ws.finnhub.io/?token=d60jvdhr01qto1rde9igd60jvdhr01qto1rde9j0' failed: Error during WebSocket handshake: Unexpected response code: 429 @ http://localhost:8080/main.dart.js:34426
[  550050ms] [ERROR] WebSocket connection to 'wss://ws.finnhub.io/?token=d60jvdhr01qto1rde9igd60jvdhr01qto1rde9j0' failed: Error during WebSocket handshake: Unexpected response code: 429 @ http://localhost:8080/main.dart.js:34426
[  676403ms] [ERROR] WebSocket connection to 'wss://ws.finnhub.io/?token=d60jvdhr01qto1rde9igd60jvdhr01qto1rde9j0' failed: Error during WebSocket handshake: Unexpected response code: 429 @ http://localhost:8080/main.dart.js:34426
[  687646ms] [ERROR] WebSocket connection to 'wss://ws.finnhub.io/?token=d60jvdhr01qto1rde9igd60jvdhr01qto1rde9j0' failed: Error during WebSocket handshake: Unexpected response code: 429 @ http://localhost:8080/main.dart.js:34426
[  812751ms] [ERROR] WebSocket connection to 'wss://ws.finnhub.io/?token=d60jvdhr01qto1rde9igd60jvdhr01qto1rde9j0' failed: Error during WebSocket handshake: Unexpected response code: 429 @ http://localhost:8080/main.dart.js:34426
[  824981ms] [ERROR] WebSocket connection to 'wss://ws.finnhub.io/?token=d60jvdhr01qto1rde9igd60jvdhr01qto1rde9j0' failed: Error during WebSocket handshake: Unexpected response code: 429 @ http://localhost:8080/main.dart.js:34426
[  953571ms] [ERROR] WebSocket connection to 'wss://ws.finnhub.io/?token=d60jvdhr01qto1rde9igd60jvdhr01qto1rde9j0' failed: Error during WebSocket handshake: Unexpected response code: 429 @ http://localhost:8080/main.dart.js:34426
[  965287ms] [ERROR] WebSocket connection to 'wss://ws.finnhub.io/?token=d60jvdhr01qto1rde9igd60jvdhr01qto1rde9j0' failed: Error during WebSocket handshake: Unexpected response code: 429 @ http://localhost:8080/main.dart.js:34426
[ 1084074ms] [ERROR] WebSocket connection to 'wss://ws.finnhub.io/?token=d60jvdhr01qto1rde9igd60jvdhr01qto1rde9j0' failed: Error during WebSocket handshake: Unexpected response code: 429 @ http://localhost:8080/main.dart.js:34426
[ 1097285ms] [ERROR] WebSocket connection to 'wss://ws.finnhub.io/?token=d60jvdhr01qto1rde9igd60jvdhr01qto1rde9j0' failed: Error during WebSocket handshake: Unexpected response code: 429 @ http://localhost:8080/main.dart.js:34426
[ 1215291ms] [ERROR] WebSocket connection to 'wss://ws.finnhub.io/?token=d60jvdhr01qto1rde9igd60jvdhr01qto1rde9j0' failed: Error during WebSocket handshake: Unexpected response code: 429 @ http://localhost:8080/main.dart.js:34426
[ 1226170ms] [ERROR] WebSocket connection to 'wss://ws.finnhub.io/?token=d60jvdhr01qto1rde9igd60jvdhr01qto1rde9j0' failed: Error during WebSocket handshake: Unexpected response code: 429 @ http://localhost:8080/main.dart.js:34426
[ 1348928ms] [ERROR] WebSocket connection to 'wss://ws.finnhub.io/?token=d60jvdhr01qto1rde9igd60jvdhr01qto1rde9j0' failed: Error during WebSocket handshake: Unexpected response code: 429 @ http://localhost:8080/main.dart.js:34426
[ 1361742ms] [ERROR] WebSocket connection to 'wss://ws.finnhub.io/?token=d60jvdhr01qto1rde9igd60jvdhr01qto1rde9j0' failed: Error during WebSocket handshake: Unexpected response code: 429 @ http://localhost:8080/main.dart.js:34426
[ 1487217ms] [ERROR] WebSocket connection to 'wss://ws.finnhub.io/?token=d60jvdhr01qto1rde9igd60jvdhr01qto1rde9j0' failed: Error during WebSocket handshake: Unexpected response code: 429 @ http://localhost:8080/main.dart.js:34426
[ 1497908ms] [ERROR] WebSocket connection to 'wss://ws.finnhub.io/?token=d60jvdhr01qto1rde9igd60jvdhr01qto1rde9j0' failed: Error during WebSocket handshake: Unexpected response code: 429 @ http://localhost:8080/main.dart.js:34426
[ 1624957ms] [ERROR] WebSocket connection to 'wss://ws.finnhub.io/?token=d60jvdhr01qto1rde9igd60jvdhr01qto1rde9j0' failed: Error during WebSocket handshake: Unexpected response code: 429 @ http://localhost:8080/main.dart.js:34426
[ 1637803ms] [ERROR] WebSocket connection to 'wss://ws.finnhub.io/?token=d60jvdhr01qto1rde9igd60jvdhr01qto1rde9j0' failed: Error during WebSocket handshake: Unexpected response code: 429 @ http://localhost:8080/main.dart.js:34426
[ 1758220ms] [ERROR] WebSocket connection to 'wss://ws.finnhub.io/?token=d60jvdhr01qto1rde9igd60jvdhr01qto1rde9j0' failed: Error during WebSocket handshake: Unexpected response code: 429 @ http://localhost:8080/main.dart.js:34426
[ 1768860ms] [ERROR] WebSocket connection to 'wss://ws.finnhub.io/?token=d60jvdhr01qto1rde9igd60jvdhr01qto1rde9j0' failed: Error during WebSocket handshake: Unexpected response code: 429 @ http://localhost:8080/main.dart.js:34426
[ 1893227ms] [ERROR] WebSocket connection to 'wss://ws.finnhub.io/?token=d60jvdhr01qto1rde9igd60jvdhr01qto1rde9j0' failed: Error during WebSocket handshake: Unexpected response code: 429 @ http://localhost:8080/main.dart.js:34426
[ 1903882ms] [ERROR] WebSocket connection to 'wss://ws.finnhub.io/?token=d60jvdhr01qto1rde9igd60jvdhr01qto1rde9j0' failed: Error during WebSocket handshake: Unexpected response code: 429 @ http://localhost:8080/main.dart.js:34426
[ 2023708ms] [ERROR] WebSocket connection to 'wss://ws.finnhub.io/?token=d60jvdhr01qto1rde9igd60jvdhr01qto1rde9j0' failed: Error during WebSocket handshake: Unexpected response code: 429 @ http://localhost:8080/main.dart.js:34426
[ 2035867ms] [ERROR] WebSocket connection to 'wss://ws.finnhub.io/?token=d60jvdhr01qto1rde9igd60jvdhr01qto1rde9j0' failed: Error during WebSocket handshake: Unexpected response code: 429 @ http://localhost:8080/main.dart.js:34426
[ 2156697ms] [ERROR] WebSocket connection to 'wss://ws.finnhub.io/?token=d60jvdhr01qto1rde9igd60jvdhr01qto1rde9j0' failed: Error during WebSocket handshake: Unexpected response code: 429 @ http://localhost:8080/main.dart.js:34426
[ 2168795ms] [ERROR] WebSocket connection to 'wss://ws.finnhub.io/?token=d60jvdhr01qto1rde9igd60jvdhr01qto1rde9j0' failed: Error during WebSocket handshake: Unexpected response code: 429 @ http://localhost:8080/main.dart.js:34426
