[    4134ms] [WARNING] Exception while loading service worker: Error: prepareServiceWorker took more than 4000ms to resolve. Moving on.
    at http://localhost:8080/flutter_bootstrap.js:1:2980 @ http://localhost:8080/flutter_bootstrap.js:2
[    5644ms] [WARNING] [.WebGL-0xfdc06668d00]GL Driver Message (OpenGL, Performance, GL_CLOSE_PATH_NV, High): GPU stall due to ReadPixels @ http://localhost:8080/:0
[    5678ms] [WARNING] [.WebGL-0xfdc06668d00]GL Driver Message (OpenGL, Performance, GL_CLOSE_PATH_NV, High): GPU stall due to ReadPixels @ http://localhost:8080/:0
[    5767ms] [WARNING] [.WebGL-0xfdc06668d00]GL Driver Message (OpenGL, Performance, GL_CLOSE_PATH_NV, High): GPU stall due to ReadPixels @ http://localhost:8080/:0
[    5802ms] [WARNING] [.WebGL-0xfdc06668d00]GL Driver Message (OpenGL, Performance, GL_CLOSE_PATH_NV, High): GPU stall due to ReadPixels (this message will no longer repeat) @ http://localhost:8080/:0
[  107474ms] [ERROR] WebSocket connection to 'wss://ws.finnhub.io/?token=d60jvdhr01qto1rde9igd60jvdhr01qto1rde9j0' failed: Error during WebSocket handshake: Unexpected response code: 429 @ http://localhost:8080/main.dart.js:34374
[  119100ms] [ERROR] WebSocket connection to 'wss://ws.finnhub.io/?token=d60jvdhr01qto1rde9igd60jvdhr01qto1rde9j0' failed: Error during WebSocket handshake: Unexpected response code: 429 @ http://localhost:8080/main.dart.js:34374
[  245302ms] [ERROR] WebSocket connection to 'wss://ws.finnhub.io/?token=d60jvdhr01qto1rde9igd60jvdhr01qto1rde9j0' failed: Error during WebSocket handshake: Unexpected response code: 429 @ http://localhost:8080/main.dart.js:34374
[  256400ms] [ERROR] WebSocket connection to 'wss://ws.finnhub.io/?token=d60jvdhr01qto1rde9igd60jvdhr01qto1rde9j0' failed: Error during WebSocket handshake: Unexpected response code: 429 @ http://localhost:8080/main.dart.js:34374
[  379650ms] [ERROR] WebSocket connection to 'wss://ws.finnhub.io/?token=d60jvdhr01qto1rde9igd60jvdhr01qto1rde9j0' failed: Error during WebSocket handshake: Unexpected response code: 429 @ http://localhost:8080/main.dart.js:34374
[  391813ms] [ERROR] WebSocket connection to 'wss://ws.finnhub.io/?token=d60jvdhr01qto1rde9igd60jvdhr01qto1rde9j0' failed: Error during WebSocket handshake: Unexpected response code: 429 @ http://localhost:8080/main.dart.js:34374
[  518442ms] [ERROR] WebSocket connection to 'wss://ws.finnhub.io/?token=d60jvdhr01qto1rde9igd60jvdhr01qto1rde9j0' failed: Error during WebSocket handshake: Unexpected response code: 429 @ http://localhost:8080/main.dart.js:34374
[  529988ms] [ERROR] WebSocket connection to 'wss://ws.finnhub.io/?token=d60jvdhr01qto1rde9igd60jvdhr01qto1rde9j0' failed: Error during WebSocket handshake: Unexpected response code: 429 @ http://localhost:8080/main.dart.js:34374
[  656543ms] [ERROR] WebSocket connection to 'wss://ws.finnhub.io/?token=d60jvdhr01qto1rde9igd60jvdhr01qto1rde9j0' failed: Error during WebSocket handshake: Unexpected response code: 429 @ http://localhost:8080/main.dart.js:34374
[  668318ms] [ERROR] WebSocket connection to 'wss://ws.finnhub.io/?token=d60jvdhr01qto1rde9igd60jvdhr01qto1rde9j0' failed: Error during WebSocket handshake: Unexpected response code: 429 @ http://localhost:8080/main.dart.js:34374
[  790867ms] [ERROR] WebSocket connection to 'wss://ws.finnhub.io/?token=d60jvdhr01qto1rde9igd60jvdhr01qto1rde9j0' failed: Error during WebSocket handshake: Unexpected response code: 429 @ http://localhost:8080/main.dart.js:34374
[  803650ms] [ERROR] WebSocket connection to 'wss://ws.finnhub.io/?token=d60jvdhr01qto1rde9igd60jvdhr01qto1rde9j0' failed: Error during WebSocket handshake: Unexpected response code: 429 @ http://localhost:8080/main.dart.js:34374
[  925345ms] [ERROR] WebSocket connection to 'wss://ws.finnhub.io/?token=d60jvdhr01qto1rde9igd60jvdhr01qto1rde9j0' failed: Error during WebSocket handshake: Unexpected response code: 429 @ http://localhost:8080/main.dart.js:34374
[  936588ms] [ERROR] WebSocket connection to 'wss://ws.finnhub.io/?token=d60jvdhr01qto1rde9igd60jvdhr01qto1rde9j0' failed: Error during WebSocket handshake: Unexpected response code: 429 @ http://localhost:8080/main.dart.js:34374
[ 1059477ms] [ERROR] WebSocket connection to 'wss://ws.finnhub.io/?token=d60jvdhr01qto1rde9igd60jvdhr01qto1rde9j0' failed: Error during WebSocket handshake: Unexpected response code: 429 @ http://localhost:8080/main.dart.js:34374
[ 1071107ms] [ERROR] WebSocket connection to 'wss://ws.finnhub.io/?token=d60jvdhr01qto1rde9igd60jvdhr01qto1rde9j0' failed: Error during WebSocket handshake: Unexpected response code: 429 @ http://localhost:8080/main.dart.js:34374
[ 1195842ms] [ERROR] WebSocket connection to 'wss://ws.finnhub.io/?token=d60jvdhr01qto1rde9igd60jvdhr01qto1rde9j0' failed: Error during WebSocket handshake: Unexpected response code: 429 @ http://localhost:8080/main.dart.js:34374
[ 1208579ms] [ERROR] WebSocket connection to 'wss://ws.finnhub.io/?token=d60jvdhr01qto1rde9igd60jvdhr01qto1rde9j0' failed: Error during WebSocket handshake: Unexpected response code: 429 @ http://localhost:8080/main.dart.js:34374
[ 1330282ms] [ERROR] WebSocket connection to 'wss://ws.finnhub.io/?token=d60jvdhr01qto1rde9igd60jvdhr01qto1rde9j0' failed: Error during WebSocket handshake: Unexpected response code: 429 @ http://localhost:8080/main.dart.js:34374
[ 1341343ms] [ERROR] WebSocket connection to 'wss://ws.finnhub.io/?token=d60jvdhr01qto1rde9igd60jvdhr01qto1rde9j0' failed: Error during WebSocket handshake: Unexpected response code: 429 @ http://localhost:8080/main.dart.js:34374
[ 1419168ms] [ERROR] WebSocket connection to 'wss://ws.finnhub.io/?token=d60jvdhr01qto1rde9igd60jvdhr01qto1rde9j0' failed: Error during WebSocket handshake: Unexpected response code: 429 @ http://localhost:8080/main.dart.js:34374
[ 1457806ms] [ERROR] WebSocket connection to 'wss://ws.finnhub.io/?token=d60jvdhr01qto1rde9igd60jvdhr01qto1rde9j0' failed: Error during WebSocket handshake: Unexpected response code: 429 @ http://localhost:8080/main.dart.js:34374
[ 1470419ms] [ERROR] WebSocket connection to 'wss://ws.finnhub.io/?token=d60jvdhr01qto1rde9igd60jvdhr01qto1rde9j0' failed: Error during WebSocket handshake: Unexpected response code: 429 @ http://localhost:8080/main.dart.js:34374
[ 1589897ms] [ERROR] WebSocket connection to 'wss://ws.finnhub.io/?token=d60jvdhr01qto1rde9igd60jvdhr01qto1rde9j0' failed: Error during WebSocket handshake: Unexpected response code: 429 @ http://localhost:8080/main.dart.js:34374
[ 1602791ms] [ERROR] WebSocket connection to 'wss://ws.finnhub.io/?token=d60jvdhr01qto1rde9igd60jvdhr01qto1rde9j0' failed: Error during WebSocket handshake: Unexpected response code: 429 @ http://localhost:8080/main.dart.js:34374
[ 1725852ms] [ERROR] WebSocket connection to 'wss://ws.finnhub.io/?token=d60jvdhr01qto1rde9igd60jvdhr01qto1rde9j0' failed: Error during WebSocket handshake: Unexpected response code: 429 @ http://localhost:8080/main.dart.js:34374
[ 1738612ms] [ERROR] WebSocket connection to 'wss://ws.finnhub.io/?token=d60jvdhr01qto1rde9igd60jvdhr01qto1rde9j0' failed: Error during WebSocket handshake: Unexpected response code: 429 @ http://localhost:8080/main.dart.js:34374
