[   10185ms] [ERROR] WebSocket connection to 'wss://ws.finnhub.io/?token=d60jvdhr01qto1rde9igd60jvdhr01qto1rde9j0' failed: Error during WebSocket handshake: Unexpected response code: 429 @ http://localhost:8080/main.dart.js:34426
[   20823ms] [ERROR] WebSocket connection to 'wss://ws.finnhub.io/?token=d60jvdhr01qto1rde9igd60jvdhr01qto1rde9j0' failed: Error during WebSocket handshake: Unexpected response code: 429 @ http://localhost:8080/main.dart.js:34426
[   87108ms] [ERROR] WebSocket connection to 'wss://ws.finnhub.io/?token=d60jvdhr01qto1rde9igd60jvdhr01qto1rde9j0' failed: Error during WebSocket handshake: Unexpected response code: 429 @ http://localhost:8080/main.dart.js:34428
[   93579ms] [ERROR] WebSocket connection to 'wss://ws.finnhub.io/?token=d60jvdhr01qto1rde9igd60jvdhr01qto1rde9j0' failed: Error during WebSocket handshake: Unexpected response code: 429 @ http://localhost:8080/main.dart.js:34428
[   96564ms] [ERROR] Access to XMLHttpRequest at 'https://static.seekingalpha.com/cdn/s3/uploads/getty_images/1178277803/image_1178277803.jpg?io=getty-c-w1536' from origin 'http://localhost:8080' has been blocked by CORS policy: No 'Access-Control-Allow-Origin' header is present on the requested resource. @ http://localhost:8080/#/index/^NDX?from=home:0
[   96566ms] [ERROR] Failed to load resource: net::ERR_FAILED @ https://static.seekingalpha.com/cdn/s3/uploads/getty_images/1178277803/image_1178277803.jpg?io=getty-c-w1536:0
[  144386ms] [ERROR] WebSocket connection to 'wss://ws.finnhub.io/?token=d60jvdhr01qto1rde9igd60jvdhr01qto1rde9j0' failed: Error during WebSocket handshake: Unexpected response code: 429 @ http://localhost:8080/main.dart.js:34428
[  155588ms] [ERROR] WebSocket connection to 'wss://ws.finnhub.io/?token=d60jvdhr01qto1rde9igd60jvdhr01qto1rde9j0' failed: Error during WebSocket handshake: Unexpected response code: 429 @ http://localhost:8080/main.dart.js:34428
[  163355ms] [ERROR] WebSocket connection to 'wss://ws.finnhub.io/?token=d60jvdhr01qto1rde9igd60jvdhr01qto1rde9j0' failed: Error during WebSocket handshake: Unexpected response code: 429 @ http://localhost:8080/main.dart.js:34428
[  170062ms] [ERROR] Access to XMLHttpRequest at 'https://s.yimg.com/rz/stage/p/yahoo_finance_en-US_h_p_finance_2.png' from origin 'http://localhost:8080' has been blocked by CORS policy: No 'Access-Control-Allow-Origin' header is present on the requested resource. @ http://localhost:8080/#/index/NVDA?from=watchlist:0
[  170063ms] [ERROR] Failed to load resource: net::ERR_FAILED @ https://s.yimg.com/rz/stage/p/yahoo_finance_en-US_h_p_finance_2.png:0
[  200596ms] [ERROR] Access to XMLHttpRequest at 'https://static.seekingalpha.com/cdn/s3/uploads/getty_images/458529021/image_458529021.jpg?io=getty-c-w630' from origin 'http://localhost:8080' has been blocked by CORS policy: No 'Access-Control-Allow-Origin' header is present on the requested resource. @ http://localhost:8080/#/index/AAPL?from=watchlist:0
[  200597ms] [ERROR] Failed to load resource: net::ERR_FAILED @ https://static.seekingalpha.com/cdn/s3/uploads/getty_images/458529021/image_458529021.jpg?io=getty-c-w630:0
[  200597ms] [ERROR] Access to XMLHttpRequest at 'https://static.seekingalpha.com/cdn/s3/uploads/getty_images/1447243745/image_1447243745.jpg?io=getty-c-w630' from origin 'http://localhost:8080' has been blocked by CORS policy: No 'Access-Control-Allow-Origin' header is present on the requested resource. @ http://localhost:8080/#/index/AAPL?from=watchlist:0
[  200598ms] [ERROR] Failed to load resource: net::ERR_FAILED @ https://static.seekingalpha.com/cdn/s3/uploads/getty_images/1447243745/image_1447243745.jpg?io=getty-c-w630:0
[  385906ms] [ERROR] WebSocket connection to 'wss://ws.finnhub.io/?token=d60jvdhr01qto1rde9igd60jvdhr01qto1rde9j0' failed: Error during WebSocket handshake: Unexpected response code: 429 @ http://localhost:8080/main.dart.js:34428
[  398737ms] [ERROR] WebSocket connection to 'wss://ws.finnhub.io/?token=d60jvdhr01qto1rde9igd60jvdhr01qto1rde9j0' failed: Error during WebSocket handshake: Unexpected response code: 429 @ http://localhost:8080/main.dart.js:34428
[  523576ms] [ERROR] WebSocket connection to 'wss://ws.finnhub.io/?token=d60jvdhr01qto1rde9igd60jvdhr01qto1rde9j0' failed: Error during WebSocket handshake: Unexpected response code: 429 @ http://localhost:8080/main.dart.js:34428
[  535334ms] [ERROR] WebSocket connection to 'wss://ws.finnhub.io/?token=d60jvdhr01qto1rde9igd60jvdhr01qto1rde9j0' failed: Error during WebSocket handshake: Unexpected response code: 429 @ http://localhost:8080/main.dart.js:34428
[  616145ms] [ERROR] WebSocket connection to 'wss://ws.finnhub.io/?token=d60jvdhr01qto1rde9igd60jvdhr01qto1rde9j0' failed: Error during WebSocket handshake: Unexpected response code: 429 @ http://localhost:8080/main.dart.js:34428
[  651723ms] [ERROR] WebSocket connection to 'wss://ws.finnhub.io/?token=d60jvdhr01qto1rde9igd60jvdhr01qto1rde9j0' failed: Error during WebSocket handshake: Unexpected response code: 429 @ http://localhost:8080/main.dart.js:34428
[  663890ms] [ERROR] WebSocket connection to 'wss://ws.finnhub.io/?token=d60jvdhr01qto1rde9igd60jvdhr01qto1rde9j0' failed: Error during WebSocket handshake: Unexpected response code: 429 @ http://localhost:8080/main.dart.js:34428
[  791677ms] [ERROR] WebSocket connection to 'wss://ws.finnhub.io/?token=d60jvdhr01qto1rde9igd60jvdhr01qto1rde9j0' failed: Error during WebSocket handshake: Unexpected response code: 429 @ http://localhost:8080/main.dart.js:34428
[  803770ms] [ERROR] WebSocket connection to 'wss://ws.finnhub.io/?token=d60jvdhr01qto1rde9igd60jvdhr01qto1rde9j0' failed: Error during WebSocket handshake: Unexpected response code: 429 @ http://localhost:8080/main.dart.js:34428
[  926029ms] [ERROR] WebSocket connection to 'wss://ws.finnhub.io/?token=d60jvdhr01qto1rde9igd60jvdhr01qto1rde9j0' failed: Error during WebSocket handshake: Unexpected response code: 429 @ http://localhost:8080/main.dart.js:34428
[  939143ms] [ERROR] WebSocket connection to 'wss://ws.finnhub.io/?token=d60jvdhr01qto1rde9igd60jvdhr01qto1rde9j0' failed: Error during WebSocket handshake: Unexpected response code: 429 @ http://localhost:8080/main.dart.js:34428
[ 1064930ms] [ERROR] WebSocket connection to 'wss://ws.finnhub.io/?token=d60jvdhr01qto1rde9igd60jvdhr01qto1rde9j0' failed: Error during WebSocket handshake: Unexpected response code: 429 @ http://localhost:8080/main.dart.js:34428
[ 1077730ms] [ERROR] WebSocket connection to 'wss://ws.finnhub.io/?token=d60jvdhr01qto1rde9igd60jvdhr01qto1rde9j0' failed: Error during WebSocket handshake: Unexpected response code: 429 @ http://localhost:8080/main.dart.js:34428
[ 1200276ms] [ERROR] WebSocket connection to 'wss://ws.finnhub.io/?token=d60jvdhr01qto1rde9igd60jvdhr01qto1rde9j0' failed: Error during WebSocket handshake: Unexpected response code: 429 @ http://localhost:8080/main.dart.js:34428
[ 1211142ms] [ERROR] WebSocket connection to 'wss://ws.finnhub.io/?token=d60jvdhr01qto1rde9igd60jvdhr01qto1rde9j0' failed: Error during WebSocket handshake: Unexpected response code: 429 @ http://localhost:8080/main.dart.js:34428
