[   16787ms] [ERROR] WebSocket connection to 'wss://ws.finnhub.io/?token=d60jvdhr01qto1rde9igd60jvdhr01qto1rde9j0' failed: Error during WebSocket handshake: Unexpected response code: 429 @ http://localhost:8080/main.dart.js:34966
[   29363ms] [ERROR] WebSocket connection to 'wss://ws.finnhub.io/?token=d60jvdhr01qto1rde9igd60jvdhr01qto1rde9j0' failed: Error during WebSocket handshake: Unexpected response code: 429 @ http://localhost:8080/main.dart.js:34966
[  148742ms] [ERROR] WebSocket connection to 'wss://ws.finnhub.io/?token=d60jvdhr01qto1rde9igd60jvdhr01qto1rde9j0' failed: Error during WebSocket handshake: Unexpected response code: 429 @ http://localhost:8080/main.dart.js:34966
[  161145ms] [ERROR] WebSocket connection to 'wss://ws.finnhub.io/?token=d60jvdhr01qto1rde9igd60jvdhr01qto1rde9j0' failed: Error during WebSocket handshake: Unexpected response code: 429 @ http://localhost:8080/main.dart.js:34966
[  237978ms] [WARNING] Exception while loading service worker: Error: prepareServiceWorker took more than 4000ms to resolve. Moving on.
    at http://localhost:8080/flutter_bootstrap.js:1:2980 @ http://localhost:8080/flutter_bootstrap.js:2
[  245170ms] [WARNING] Exception while loading service worker: Error: prepareServiceWorker took more than 4000ms to resolve. Moving on.
    at http://localhost:8080/flutter_bootstrap.js:1:2980 @ http://localhost:8080/flutter_bootstrap.js:2
[  254459ms] [ERROR] Access to XMLHttpRequest at 'https://awealthofcommonsense.com/wp-content/uploads/2026/02/Screenshot-2026-02-13-130952.png' from origin 'http://localhost:8080' has been blocked by CORS policy: No 'Access-Control-Allow-Origin' header is present on the requested resource. @ http://localhost:8080/#/index/^NDX?from=home:0
[  254462ms] [ERROR] Failed to load resource: net::ERR_FAILED @ https://awealthofcommonsense.com/wp-content/uploads/2026/02/Screenshot-2026-02-13-130952.png:0
[  345314ms] [ERROR] WebSocket connection to 'wss://ws.finnhub.io/?token=d60jvdhr01qto1rde9igd60jvdhr01qto1rde9j0' failed: Error during WebSocket handshake: Unexpected response code: 429 @ http://localhost:8080/main.dart.js:34966
[  356414ms] [ERROR] WebSocket connection to 'wss://ws.finnhub.io/?token=d60jvdhr01qto1rde9igd60jvdhr01qto1rde9j0' failed: Error during WebSocket handshake: Unexpected response code: 429 @ http://localhost:8080/main.dart.js:34966
[  475296ms] [WARNING] Exception while loading service worker: Error: prepareServiceWorker took more than 4000ms to resolve. Moving on.
    at http://localhost:8080/flutter_bootstrap.js:1:2980 @ http://localhost:8080/flutter_bootstrap.js:2
[  478137ms] [ERROR] WebSocket connection to 'wss://ws.finnhub.io/?token=d60jvdhr01qto1rde9igd60jvdhr01qto1rde9j0' failed: Error during WebSocket handshake: Unexpected response code: 429 @ http://localhost:8080/main.dart.js:34966
[  483085ms] [ERROR] Access to XMLHttpRequest at 'https://awealthofcommonsense.com/wp-content/uploads/2026/02/Screenshot-2026-02-13-130952.png' from origin 'http://localhost:8080' has been blocked by CORS policy: No 'Access-Control-Allow-Origin' header is present on the requested resource. @ http://localhost:8080/#/index/^NDX?from=home:0
[  483086ms] [ERROR] Failed to load resource: net::ERR_FAILED @ https://awealthofcommonsense.com/wp-content/uploads/2026/02/Screenshot-2026-02-13-130952.png:0
[  488776ms] [ERROR] WebSocket connection to 'wss://ws.finnhub.io/?token=d60jvdhr01qto1rde9igd60jvdhr01qto1rde9j0' failed: Error during WebSocket handshake: Unexpected response code: 429 @ http://localhost:8080/main.dart.js:34966
[  538505ms] [ERROR] WebSocket connection to 'wss://ws.finnhub.io/?token=d60jvdhr01qto1rde9igd60jvdhr01qto1rde9j0' failed: Error during WebSocket handshake: Unexpected response code: 429 @ http://localhost:8080/main.dart.js:34966
[  550235ms] [ERROR] WebSocket connection to 'wss://ws.finnhub.io/?token=d60jvdhr01qto1rde9igd60jvdhr01qto1rde9j0' failed: Error during WebSocket handshake: Unexpected response code: 429 @ http://localhost:8080/main.dart.js:34966
[  672614ms] [ERROR] WebSocket connection to 'wss://ws.finnhub.io/?token=d60jvdhr01qto1rde9igd60jvdhr01qto1rde9j0' failed: Error during WebSocket handshake: Unexpected response code: 429 @ http://localhost:8080/main.dart.js:34966
[  684653ms] [ERROR] WebSocket connection to 'wss://ws.finnhub.io/?token=d60jvdhr01qto1rde9igd60jvdhr01qto1rde9j0' failed: Error during WebSocket handshake: Unexpected response code: 429 @ http://localhost:8080/main.dart.js:34966
[  809733ms] [ERROR] WebSocket connection to 'wss://ws.finnhub.io/?token=d60jvdhr01qto1rde9igd60jvdhr01qto1rde9j0' failed: Error during WebSocket handshake: Unexpected response code: 429 @ http://localhost:8080/main.dart.js:34966
[  822096ms] [ERROR] WebSocket connection to 'wss://ws.finnhub.io/?token=d60jvdhr01qto1rde9igd60jvdhr01qto1rde9j0' failed: Error during WebSocket handshake: Unexpected response code: 429 @ http://localhost:8080/main.dart.js:34966
[  951778ms] [ERROR] WebSocket connection to 'wss://ws.finnhub.io/?token=d60jvdhr01qto1rde9igd60jvdhr01qto1rde9j0' failed: Error during WebSocket handshake: Unexpected response code: 429 @ http://localhost:8080/main.dart.js:34966
[  964296ms] [ERROR] WebSocket connection to 'wss://ws.finnhub.io/?token=d60jvdhr01qto1rde9igd60jvdhr01qto1rde9j0' failed: Error during WebSocket handshake: Unexpected response code: 429 @ http://localhost:8080/main.dart.js:34966
[ 1088095ms] [ERROR] WebSocket connection to 'wss://ws.finnhub.io/?token=d60jvdhr01qto1rde9igd60jvdhr01qto1rde9j0' failed: Error during WebSocket handshake: Unexpected response code: 429 @ http://localhost:8080/main.dart.js:34966
[ 1101582ms] [ERROR] WebSocket connection to 'wss://ws.finnhub.io/?token=d60jvdhr01qto1rde9igd60jvdhr01qto1rde9j0' failed: Error during WebSocket handshake: Unexpected response code: 429 @ http://localhost:8080/main.dart.js:34966
[ 1227669ms] [ERROR] WebSocket connection to 'wss://ws.finnhub.io/?token=d60jvdhr01qto1rde9igd60jvdhr01qto1rde9j0' failed: Error during WebSocket handshake: Unexpected response code: 429 @ http://localhost:8080/main.dart.js:34966
[ 1239835ms] [ERROR] WebSocket connection to 'wss://ws.finnhub.io/?token=d60jvdhr01qto1rde9igd60jvdhr01qto1rde9j0' failed: Error during WebSocket handshake: Unexpected response code: 429 @ http://localhost:8080/main.dart.js:34966
